1648248575350	geckodriver	INFO	Listening on 127.0.0.1:54548
1648248578428	mozrunner::runner	INFO	Running command: "C:\\Program Files\\Mozilla Firefox\\firefox.exe" "--marionette" "--remote-debugging-port" "54549" "-no-remote" "-profile" "C:\\Users\\Admin\\AppData\\Local\\Temp\\rust_mozprofileGT5QGy"
1648248578895	Marionette	INFO	Marionette enabled
console.warn: SearchSettings: "get: No settings file exists, new profile?" (new NotFoundError("Could not open the file at C:\\Users\\Admin\\AppData\\Local\\Temp\\rust_mozprofileGT5QGy\\search.json.mozlz4", (void 0)))
DevTools listening on ws://localhost:54549/devtools/browser/5ee3e9c1-284d-4999-9d1b-14b68ae8d5f5
1648248581712	Marionette	INFO	Listening on port 54554
1648248582154	RemoteAgent	WARN	TLS certificate errors will be ignored for this session
1648248586172	Marionette	WARN	Ignoring event 'pageshow' because document has an invalid readyState of 'uninitialized'.
JavaScript warning: https://pagead2.googlesyndication.com/bg/vukqqZMEwiKfO5iIQC2Qvig_P1EBwRi6HH-n7W3xhSE.js line 1 > eval line 770 > eval line 1 > eval line 1 > eval, line 1: WEBGL_debug_renderer_info is deprecated in Firefox and will be removed. Please use RENDERER.
1648248701548	Marionette	INFO	Stopped listening on port 54554
JavaScript error: resource:///modules/WindowsJumpLists.jsm, line 297: TypeError: this._builder is undefined
1648248705484	geckodriver	INFO	Listening on 127.0.0.1:54711
1648248708574	mozrunner::runner	INFO	Running command: "C:\\Program Files\\Mozilla Firefox\\firefox.exe" "--marionette" "--remote-debugging-port" "54712" "-no-remote" "-profile" "C:\\Users\\Admin\\AppData\\Local\\Temp\\rust_mozprofileJAs0q8"
1648248709042	Marionette	INFO	Marionette enabled
console.warn: SearchSettings: "get: No settings file exists, new profile?" (new NotFoundError("Could not open the file at C:\\Users\\Admin\\AppData\\Local\\Temp\\rust_mozprofileJAs0q8\\search.json.mozlz4", (void 0)))
DevTools listening on ws://localhost:54712/devtools/browser/d2c899b1-48a6-4d8c-a701-8ad6043acab0
1648248711920	Marionette	INFO	Listening on port 54717
1648248712259	RemoteAgent	WARN	TLS certificate errors will be ignored for this session
1648248716710	Marionette	WARN	Ignoring event 'pageshow' because document has an invalid readyState of 'uninitialized'.
SourceActor threw an exception: [Exception... "Failed to open input source 'chrome://browser/content/certerror/aboutNetErrorCodes.js'"  nsresult: "0x805303f4 (<unknown>)"  location: "JS frame :: resource://devtools/shared/DevToolsUtils.js :: mainThreadFetch/< :: line 670"  data: yes]
Stack: mainThreadFetch/<@resource://devtools/shared/DevToolsUtils.js:670:15
mainThreadFetch@resource://devtools/shared/DevToolsUtils.js:516:10
_fetchURLContents@resource://devtools/server/actors/utils/sources-manager.js:450:22
urlContents@resource://devtools/server/actors/utils/sources-manager.js:414:17
_resurrectSource@resource://devtools/server/actors/thread.js:2132:35
addAllSources@resource://devtools/server/actors/thread.js:1487:14
watch@resource://devtools/server/actors/resources/sources.js:62:17
watchResources@resource://devtools/server/actors/resources/index.js:242:19
_watchTargetResources@resource://devtools/server/actors/targets/target-actor-mixin.js:161:24
addSessionDataEntry@resource://devtools/server/actors/targets/target-actor-mixin.js:53:20
_addSessionDataEntry@resource://devtools/server/connectors/js-window-actor/DevToolsFrameChild.jsm:556:24
receiveMessage@resource://devtools/server/connectors/js-window-actor/DevToolsFrameChild.jsm:465:21
Line: 670, column: 0
console.error: ({})
JavaScript error: resource://devtools/shared/DevToolsUtils.js, line 670: Failed to open input source 'chrome://browser/content/certerror/aboutNetErrorCodes.js'
JavaScript error: resource://gre/modules/AsyncShutdown.jsm, line 575: NotFoundError: No such JSWindowActor 'DevToolsFrame'
JavaScript error: resource://gre/modules/AsyncShutdown.jsm, line 575: NotFoundError: No such JSWindowActor 'DevToolsFrame'
JavaScript error: resource://gre/modules/AsyncShutdown.jsm, line 575: NotFoundError: No such JSWindowActor 'DevToolsFrame'
JavaScript error: resource://gre/modules/AsyncShutdown.jsm, line 575: NotFoundError: No such JSWindowActor 'DevToolsFrame'
1648248773807	Marionette	INFO	Stopped listening on port 54717
console.warn: TopSitesFeed: Failed to fetch data from Contile server: NetworkError when attempting to fetch resource.
1648248855171	geckodriver	INFO	Listening on 127.0.0.1:54833
1648248858219	mozrunner::runner	INFO	Running command: "C:\\Program Files\\Mozilla Firefox\\firefox.exe" "--marionette" "--remote-debugging-port" "54834" "-no-remote" "-profile" "C:\\Users\\Admin\\AppData\\Local\\Temp\\rust_mozprofileYuRzd3"
1648248858680	Marionette	INFO	Marionette enabled
console.warn: SearchSettings: "get: No settings file exists, new profile?" (new NotFoundError("Could not open the file at C:\\Users\\Admin\\AppData\\Local\\Temp\\rust_mozprofileYuRzd3\\search.json.mozlz4", (void 0)))
DevTools listening on ws://localhost:54834/devtools/browser/b772f2c1-9ecf-4d57-9034-5d69056ce936
1648248861458	Marionette	INFO	Listening on port 54839
1648248861943	RemoteAgent	WARN	TLS certificate errors will be ignored for this session
1648248865915	Marionette	WARN	Ignoring event 'pageshow' because document has an invalid readyState of 'uninitialized'.
SourceActor threw an exception: [Exception... "Failed to open input source 'chrome://browser/content/certerror/aboutNetErrorCodes.js'"  nsresult: "0x805303f4 (<unknown>)"  location: "JS frame :: resource://devtools/shared/DevToolsUtils.js :: mainThreadFetch/< :: line 670"  data: yes]
Stack: mainThreadFetch/<@resource://devtools/shared/DevToolsUtils.js:670:15
mainThreadFetch@resource://devtools/shared/DevToolsUtils.js:516:10
_fetchURLContents@resource://devtools/server/actors/utils/sources-manager.js:450:22
urlContents@resource://devtools/server/actors/utils/sources-manager.js:414:17
_resurrectSource@resource://devtools/server/actors/thread.js:2132:35
addAllSources@resource://devtools/server/actors/thread.js:1487:14
watch@resource://devtools/server/actors/resources/sources.js:62:17
watchResources@resource://devtools/server/actors/resources/index.js:242:19
_watchTargetResources@resource://devtools/server/actors/targets/target-actor-mixin.js:161:24
addSessionDataEntry@resource://devtools/server/actors/targets/target-actor-mixin.js:53:20
_addSessionDataEntry@resource://devtools/server/connectors/js-window-actor/DevToolsFrameChild.jsm:556:24
receiveMessage@resource://devtools/server/connectors/js-window-actor/DevToolsFrameChild.jsm:465:21
Line: 670, column: 0
console.error: ({})
JavaScript error: resource://devtools/shared/DevToolsUtils.js, line 670: Failed to open input source 'chrome://browser/content/certerror/aboutNetErrorCodes.js'
JavaScript warning: https://pagead2.googlesyndication.com/bg/vukqqZMEwiKfO5iIQC2Qvig_P1EBwRi6HH-n7W3xhSE.js line 1 > eval line 3896 > eval line 1 > eval line 1 > eval, line 1: WEBGL_debug_renderer_info is deprecated in Firefox and will be removed. Please use RENDERER.
JavaScript error: https://www.swinburne.edu.au/professional/individual-learning/, line 1: SyntaxError: expected expression, got '<'
JavaScript warning: https://pagead2.googlesyndication.com/bg/vukqqZMEwiKfO5iIQC2Qvig_P1EBwRi6HH-n7W3xhSE.js line 1 > eval line 6531 > eval line 1 > eval line 1 > eval, line 1: WEBGL_debug_renderer_info is deprecated in Firefox and will be removed. Please use RENDERER.
1648249170329	geckodriver	INFO	Listening on 127.0.0.1:55099
1648249173394	mozrunner::runner	INFO	Running command: "C:\\Program Files\\Mozilla Firefox\\firefox.exe" "--marionette" "--remote-debugging-port" "55100" "-no-remote" "-profile" "C:\\Users\\Admin\\AppData\\Local\\Temp\\rust_mozprofileZObWTR"
1648249173804	Marionette	INFO	Marionette enabled
console.warn: SearchSettings: "get: No settings file exists, new profile?" (new NotFoundError("Could not open the file at C:\\Users\\Admin\\AppData\\Local\\Temp\\rust_mozprofileZObWTR\\search.json.mozlz4", (void 0)))
DevTools listening on ws://localhost:55100/devtools/browser/6b212200-3b1d-4741-8d9e-1a401b4e459d
1648249176547	Marionette	INFO	Listening on port 55105
1648249176583	RemoteAgent	WARN	TLS certificate errors will be ignored for this session
1648249180251	Marionette	WARN	Ignoring event 'pageshow' because document has an invalid readyState of 'uninitialized'.
1648249286067	geckodriver	INFO	Listening on 127.0.0.1:55202
1648249289113	mozrunner::runner	INFO	Running command: "C:\\Program Files\\Mozilla Firefox\\firefox.exe" "--marionette" "--remote-debugging-port" "55203" "-no-remote" "-profile" "C:\\Users\\Admin\\AppData\\Local\\Temp\\rust_mozprofile90Mt1o"
1648249289572	Marionette	INFO	Marionette enabled
console.warn: SearchSettings: "get: No settings file exists, new profile?" (new NotFoundError("Could not open the file at C:\\Users\\Admin\\AppData\\Local\\Temp\\rust_mozprofile90Mt1o\\search.json.mozlz4", (void 0)))
DevTools listening on ws://localhost:55203/devtools/browser/f53244d4-6d3d-4f5c-a27a-faa912ed33f6
1648249292275	Marionette	INFO	Listening on port 55208
1648249292783	RemoteAgent	WARN	TLS certificate errors will be ignored for this session
1648249295863	Marionette	WARN	Ignoring event 'pageshow' because document has an invalid readyState of 'uninitialized'.
1648249436024	Marionette	INFO	Stopped listening on port 55208
1648249462598	geckodriver	INFO	Listening on 127.0.0.1:55308
1648249465646	mozrunner::runner	INFO	Running command: "C:\\Program Files\\Mozilla Firefox\\firefox.exe" "--marionette" "--remote-debugging-port" "55309" "-no-remote" "-profile" "C:\\Users\\Admin\\AppData\\Local\\Temp\\rust_mozprofilewKC9gT"
1648249466091	Marionette	INFO	Marionette enabled
console.warn: SearchSettings: "get: No settings file exists, new profile?" (new NotFoundError("Could not open the file at C:\\Users\\Admin\\AppData\\Local\\Temp\\rust_mozprofilewKC9gT\\search.json.mozlz4", (void 0)))
DevTools listening on ws://localhost:55309/devtools/browser/64b6b709-31b7-49bb-9d9c-bdc3b443cb83
1648249468773	Marionette	INFO	Listening on port 55314
1648249468826	RemoteAgent	WARN	TLS certificate errors will be ignored for this session
1648249472123	Marionette	WARN	Ignoring event 'pageshow' because document has an invalid readyState of 'uninitialized'.
1648249489459	Marionette	INFO	Stopped listening on port 55314
console.warn: TopSitesFeed: Failed to fetch data from Contile server: NetworkError when attempting to fetch resource.
1648249511639	geckodriver	INFO	Listening on 127.0.0.1:55397
1648249514710	mozrunner::runner	INFO	Running command: "C:\\Program Files\\Mozilla Firefox\\firefox.exe" "--marionette" "--remote-debugging-port" "55398" "-no-remote" "-profile" "C:\\Users\\Admin\\AppData\\Local\\Temp\\rust_mozprofilexRjUyx"
1648249515114	Marionette	INFO	Marionette enabled
console.warn: SearchSettings: "get: No settings file exists, new profile?" (new NotFoundError("Could not open the file at C:\\Users\\Admin\\AppData\\Local\\Temp\\rust_mozprofilexRjUyx\\search.json.mozlz4", (void 0)))
DevTools listening on ws://localhost:55398/devtools/browser/92dd7d37-e019-43d7-b7d8-bb1e701d207c
1648249517721	Marionette	INFO	Listening on port 55403
1648249517918	RemoteAgent	WARN	TLS certificate errors will be ignored for this session
1648249521152	Marionette	WARN	Ignoring event 'pageshow' because document has an invalid readyState of 'uninitialized'.
SourceActor threw an exception: [Exception... "Failed to open input source 'chrome://browser/content/certerror/aboutNetErrorCodes.js'"  nsresult: "0x805303f4 (<unknown>)"  location: "JS frame :: resource://devtools/shared/DevToolsUtils.js :: mainThreadFetch/< :: line 670"  data: yes]
Stack: mainThreadFetch/<@resource://devtools/shared/DevToolsUtils.js:670:15
mainThreadFetch@resource://devtools/shared/DevToolsUtils.js:516:10
_fetchURLContents@resource://devtools/server/actors/utils/sources-manager.js:450:22
urlContents@resource://devtools/server/actors/utils/sources-manager.js:414:17
_resurrectSource@resource://devtools/server/actors/thread.js:2132:35
addAllSources@resource://devtools/server/actors/thread.js:1487:14
watch@resource://devtools/server/actors/resources/sources.js:62:17
watchResources@resource://devtools/server/actors/resources/index.js:242:19
_watchTargetResources@resource://devtools/server/actors/targets/target-actor-mixin.js:161:24
addSessionDataEntry@resource://devtools/server/actors/targets/target-actor-mixin.js:53:20
_addSessionDataEntry@resource://devtools/server/connectors/js-window-actor/DevToolsFrameChild.jsm:556:24
receiveMessage@resource://devtools/server/connectors/js-window-actor/DevToolsFrameChild.jsm:465:21
Line: 670, column: 0
console.error: ({})
JavaScript error: resource://devtools/shared/DevToolsUtils.js, line 670: Failed to open input source 'chrome://browser/content/certerror/aboutNetErrorCodes.js'
1648249561885	geckodriver	INFO	Listening on 127.0.0.1:55481
1648249564928	mozrunner::runner	INFO	Running command: "C:\\Program Files\\Mozilla Firefox\\firefox.exe" "--marionette" "--remote-debugging-port" "55482" "-no-remote" "-profile" "C:\\Users\\Admin\\AppData\\Local\\Temp\\rust_mozprofile0tVjl4"
1648249565358	Marionette	INFO	Marionette enabled
console.warn: SearchSettings: "get: No settings file exists, new profile?" (new NotFoundError("Could not open the file at C:\\Users\\Admin\\AppData\\Local\\Temp\\rust_mozprofile0tVjl4\\search.json.mozlz4", (void 0)))
DevTools listening on ws://localhost:55482/devtools/browser/aaaf4c34-d496-49d1-9202-888c840913e6
1648249568021	Marionette	INFO	Listening on port 55487
1648249568126	RemoteAgent	WARN	TLS certificate errors will be ignored for this session
1648249571198	Marionette	WARN	Ignoring event 'pageshow' because document has an invalid readyState of 'uninitialized'.
[Child 9520, MediaDecoderStateMachine #1] WARNING: 2a4b231e2e0 Could not set cubeb stream name.: file /builds/worker/checkouts/gecko/dom/media/AudioStream.cpp:330
1648249574073	Marionette	WARN	TimedPromise timed out after 500 ms: stacktrace:
TimedPromise/<@chrome://remote/content/marionette/sync.js:235:19
TimedPromise@chrome://remote/content/marionette/sync.js:220:10
interaction.flushEventLoop@chrome://remote/content/marionette/interaction.js:431:10
webdriverClickElement@chrome://remote/content/marionette/interaction.js:179:31
1648249577616	Marionette	INFO	Stopped listening on port 55487
1648249580995	geckodriver	INFO	Listening on 127.0.0.1:55565
1648249584063	mozrunner::runner	INFO	Running command: "C:\\Program Files\\Mozilla Firefox\\firefox.exe" "--marionette" "--remote-debugging-port" "55566" "-no-remote" "-profile" "C:\\Users\\Admin\\AppData\\Local\\Temp\\rust_mozprofileEXATZ5"
1648249584518	Marionette	INFO	Marionette enabled
console.warn: SearchSettings: "get: No settings file exists, new profile?" (new NotFoundError("Could not open the file at C:\\Users\\Admin\\AppData\\Local\\Temp\\rust_mozprofileEXATZ5\\search.json.mozlz4", (void 0)))
DevTools listening on ws://localhost:55566/devtools/browser/774063ee-d20c-474f-8f0a-dbb970da47b6
1648249587301	Marionette	INFO	Listening on port 55571
1648249587778	RemoteAgent	WARN	TLS certificate errors will be ignored for this session
1648249591086	Marionette	WARN	Ignoring event 'pageshow' because document has an invalid readyState of 'uninitialized'.
[Child 2432, MediaDecoderStateMachine #1] WARNING: 1ff4b2444a0 Could not set cubeb stream name.: file /builds/worker/checkouts/gecko/dom/media/AudioStream.cpp:330
1648249599223	Marionette	INFO	Stopped listening on port 55571
console.warn: TopSitesFeed: Failed to fetch data from Contile server: NetworkError when attempting to fetch resource.

###!!! [Child][PContentChild] Error: Send(msgname=PNecko::Msg_RemoveRequestContext) Channel closing: too late to send/recv, messages will be lost

